android/app/build/intermediates/manifest_merge_blame_file/debug/processDebugMainManifest/manifest-merger-blame-debug-report.txt
1<?xml version="1.0" encoding="utf-8"?>
2<manifest xmlns:android="http://schemas.android.com/apk/res/android"
3    package="com.example.clue_master"
4    android:versionCode="1"
5    android:versionName="1.0.0" >
6
7    <uses-sdk
8        android:minSdkVersion="23"
9        android:targetSdkVersion="35" />
10    <!--
11         The INTERNET permission is required for development. Specifically,
12         the Flutter tool needs it to communicate with the running application
13         to allow setting breakpoints, to provide hot reload, etc.
14    -->
15    <uses-permission android:name="android.permission.INTERNET" />
15-->src\debug\AndroidManifest.xml:6:5-66
15-->src\debug\AndroidManifest.xml:6:22-64
16    <uses-permission android:name="android.permission.CAMERA" />
16-->src\main\AndroidManifest.xml:2:5-65
16-->src\main\AndroidManifest.xml:2:22-62
17    <uses-permission android:name="android.permission.ACCESS_FINE_LOCATION" />
17-->src\main\AndroidManifest.xml:3:5-79
17-->src\main\AndroidManifest.xml:3:22-76
18    <uses-permission android:name="android.permission.ACCESS_COARSE_LOCATION" />
18-->src\main\AndroidManifest.xml:4:5-81
18-->src\main\AndroidManifest.xml:4:22-78
19    <uses-permission android:name="android.permission.NFC" />
19-->src\main\AndroidManifest.xml:6:5-62
19-->src\main\AndroidManifest.xml:6:22-59
20
21    <queries>
21-->src\main\AndroidManifest.xml:45:5-50:15
22        <intent>
22-->src\main\AndroidManifest.xml:46:9-49:18
23            <action android:name="android.intent.action.PROCESS_TEXT" />
23-->src\main\AndroidManifest.xml:47:13-72
23-->src\main\AndroidManifest.xml:47:21-70
24
25            <data android:mimeType="text/plain" />
25-->src\main\AndroidManifest.xml:48:13-50
25-->src\main\AndroidManifest.xml:48:19-48
26        </intent>
27        <intent>
27-->[:file_picker] AndroidManifest.xml:8:9-12:18
28            <action android:name="android.intent.action.GET_CONTENT" />
28-->[:file_picker] AndroidManifest.xml:9:13-72
28-->[:file_picker] AndroidManifest.xml:9:21-69
29
30            <data android:mimeType="*/*" />
30-->src\main\AndroidManifest.xml:48:13-50
30-->src\main\AndroidManifest.xml:48:19-48
31        </intent>
32    </queries>
33
34    <uses-feature
34-->[:mobile_scanner] AndroidManifest.xml:9:5-11:36
35        android:name="android.hardware.camera"
35-->[:mobile_scanner] AndroidManifest.xml:10:9-47
36        android:required="false" />
36-->[:mobile_scanner] AndroidManifest.xml:11:9-33
37
38    <uses-permission android:name="android.permission.RECORD_AUDIO" />
38-->[:record_android] AndroidManifest.xml:7:5-71
38-->[:record_android] AndroidManifest.xml:7:22-68
39    <uses-permission android:name="android.permission.VIBRATE" />
39-->[:vibration] AndroidManifest.xml:7:5-66
39-->[:vibration] AndroidManifest.xml:7:22-63
40    <uses-permission android:name="android.permission.ACCESS_NETWORK_STATE" />
40-->[androidx.media3:media3-common:1.4.1] AndroidManifest.xml:22:5-79
40-->[androidx.media3:media3-common:1.4.1] AndroidManifest.xml:22:22-76
41
42    <permission
42-->[androidx.core:core:1.15.0] AndroidManifest.xml:22:5-24:47
43        android:name="com.example.clue_master.DYNAMIC_RECEIVER_NOT_EXPORTED_PERMISSION"
43-->[androidx.core:core:1.15.0] AndroidManifest.xml:23:9-81
44        android:protectionLevel="signature" />
44-->[androidx.core:core:1.15.0] AndroidManifest.xml:24:9-44
45
46    <uses-permission android:name="com.example.clue_master.DYNAMIC_RECEIVER_NOT_EXPORTED_PERMISSION" />
46-->[androidx.core:core:1.15.0] AndroidManifest.xml:26:5-97
46-->[androidx.core:core:1.15.0] AndroidManifest.xml:26:22-94
47
48    <application
49        android:name="android.app.Application"
50        android:appComponentFactory="androidx.core.app.CoreComponentFactory"
50-->[androidx.core:core:1.15.0] AndroidManifest.xml:28:18-86
51        android:debuggable="true"
52        android:extractNativeLibs="false"
53        android:icon="@mipmap/ic_launcher"
54        android:label="Mission Control" >
55        <activity
56            android:name="com.example.clue_master.MainActivity"
57            android:configChanges="orientation|keyboardHidden|keyboard|screenSize|smallestScreenSize|locale|layoutDirection|fontScale|screenLayout|density|uiMode"
58            android:exported="true"
59            android:hardwareAccelerated="true"
60            android:launchMode="singleTop"
61            android:taskAffinity=""
62            android:theme="@style/LaunchTheme"
63            android:windowSoftInputMode="adjustResize" >
64            <meta-data
65                android:name="io.flutter.embedding.android.NormalTheme"
66                android:resource="@style/NormalTheme" />
67
68            <intent-filter>
69                <action android:name="android.intent.action.MAIN" />
70
71                <category android:name="android.intent.category.LAUNCHER" />
72            </intent-filter>
73            <intent-filter>
74                <action android:name="android.nfc.action.NDEF_DISCOVERED" />
75
76                <category android:name="android.intent.category.DEFAULT" />
77
78                <data android:scheme="cluemaster" />
78-->src\main\AndroidManifest.xml:48:13-50
79            </intent-filter>
80        </activity>
81
82        <meta-data
83            android:name="flutterEmbedding"
84            android:value="2" />
85        <!--
86           Declares a provider which allows us to store files to share in
87           '.../caches/share_plus' and grant the receiving action access
88        -->
89        <provider
89-->[:share_plus] AndroidManifest.xml:13:9-21:20
90            android:name="dev.fluttercommunity.plus.share.ShareFileProvider"
90-->[:share_plus] AndroidManifest.xml:14:13-77
91            android:authorities="com.example.clue_master.flutter.share_provider"
91-->[:share_plus] AndroidManifest.xml:15:13-74
92            android:exported="false"
92-->[:share_plus] AndroidManifest.xml:16:13-37
93            android:grantUriPermissions="true" >
93-->[:share_plus] AndroidManifest.xml:17:13-47
94            <meta-data
94-->[:share_plus] AndroidManifest.xml:18:13-20:68
95                android:name="android.support.FILE_PROVIDER_PATHS"
95-->[:share_plus] AndroidManifest.xml:19:17-67
96                android:resource="@xml/flutter_share_file_paths" />
96-->[:share_plus] AndroidManifest.xml:20:17-65
97        </provider>
98        <!--
99           This manifest declared broadcast receiver allows us to use an explicit
100           Intent when creating a PendingItent to be informed of the user's choice
101        -->
102        <receiver
102-->[:share_plus] AndroidManifest.xml:26:9-32:20
103            android:name="dev.fluttercommunity.plus.share.SharePlusPendingIntent"
103-->[:share_plus] AndroidManifest.xml:27:13-82
104            android:exported="false" >
104-->[:share_plus] AndroidManifest.xml:28:13-37
105            <intent-filter>
105-->[:share_plus] AndroidManifest.xml:29:13-31:29
106                <action android:name="EXTRA_CHOSEN_COMPONENT" />
106-->[:share_plus] AndroidManifest.xml:30:17-65
106-->[:share_plus] AndroidManifest.xml:30:25-62
107            </intent-filter>
108        </receiver>
109
110        <service
110-->[:geolocator_android] AndroidManifest.xml:8:9-12:56
111            android:name="com.baseflow.geolocator.GeolocatorLocationService"
111-->[:geolocator_android] AndroidManifest.xml:9:13-77
112            android:enabled="true"
112-->[:geolocator_android] AndroidManifest.xml:10:13-35
113            android:exported="false"
113-->[:geolocator_android] AndroidManifest.xml:11:13-37
114            android:foregroundServiceType="location" />
114-->[:geolocator_android] AndroidManifest.xml:12:13-53
115
116        <provider
116-->[:image_picker_android] AndroidManifest.xml:9:9-17:20
117            android:name="io.flutter.plugins.imagepicker.ImagePickerFileProvider"
117-->[:image_picker_android] AndroidManifest.xml:10:13-82
118            android:authorities="com.example.clue_master.flutter.image_provider"
118-->[:image_picker_android] AndroidManifest.xml:11:13-74
119            android:exported="false"
119-->[:image_picker_android] AndroidManifest.xml:12:13-37
120            android:grantUriPermissions="true" >
120-->[:image_picker_android] AndroidManifest.xml:13:13-47
121            <meta-data
121-->[:share_plus] AndroidManifest.xml:18:13-20:68
122                android:name="android.support.FILE_PROVIDER_PATHS"
122-->[:share_plus] AndroidManifest.xml:19:17-67
123                android:resource="@xml/flutter_image_picker_file_paths" />
123-->[:share_plus] AndroidManifest.xml:20:17-65
124        </provider> <!-- Trigger Google Play services to install the backported photo picker module. -->
125        <service
125-->[:image_picker_android] AndroidManifest.xml:19:9-31:19
126            android:name="com.google.android.gms.metadata.ModuleDependencies"
126-->[:image_picker_android] AndroidManifest.xml:20:13-78
127            android:enabled="false"
127-->[:image_picker_android] AndroidManifest.xml:21:13-36
128            android:exported="false" >
128-->[:image_picker_android] AndroidManifest.xml:22:13-37
129            <intent-filter>
129-->[:image_picker_android] AndroidManifest.xml:24:13-26:29
130                <action android:name="com.google.android.gms.metadata.MODULE_DEPENDENCIES" />
130-->[:image_picker_android] AndroidManifest.xml:25:17-94
130-->[:image_picker_android] AndroidManifest.xml:25:25-91
131            </intent-filter>
132
133            <meta-data
133-->[:image_picker_android] AndroidManifest.xml:28:13-30:36
134                android:name="photopicker_activity:0:required"
134-->[:image_picker_android] AndroidManifest.xml:29:17-63
135                android:value="" />
135-->[:image_picker_android] AndroidManifest.xml:30:17-33
136        </service>
137
138        <activity
138-->[com.google.android.gms:play-services-auth:20.7.0] AndroidManifest.xml:23:9-27:75
139            android:name="com.google.android.gms.auth.api.signin.internal.SignInHubActivity"
139-->[com.google.android.gms:play-services-auth:20.7.0] AndroidManifest.xml:24:13-93
140            android:excludeFromRecents="true"
140-->[com.google.android.gms:play-services-auth:20.7.0] AndroidManifest.xml:25:13-46
141            android:exported="false"
141-->[com.google.android.gms:play-services-auth:20.7.0] AndroidManifest.xml:26:13-37
142            android:theme="@android:style/Theme.Translucent.NoTitleBar" />
142-->[com.google.android.gms:play-services-auth:20.7.0] AndroidManifest.xml:27:13-72
143        <!--
144            Service handling Google Sign-In user revocation. For apps that do not integrate with
145            Google Sign-In, this service will never be started.
146        -->
147        <service
147-->[com.google.android.gms:play-services-auth:20.7.0] AndroidManifest.xml:33:9-37:51
148            android:name="com.google.android.gms.auth.api.signin.RevocationBoundService"
148-->[com.google.android.gms:play-services-auth:20.7.0] AndroidManifest.xml:34:13-89
149            android:exported="true"
149-->[com.google.android.gms:play-services-auth:20.7.0] AndroidManifest.xml:35:13-36
150            android:permission="com.google.android.gms.auth.api.signin.permission.REVOCATION_NOTIFICATION"
150-->[com.google.android.gms:play-services-auth:20.7.0] AndroidManifest.xml:36:13-107
151            android:visibleToInstantApps="true" />
151-->[com.google.android.gms:play-services-auth:20.7.0] AndroidManifest.xml:37:13-48
152        <service
152-->[com.google.android.gms:play-services-mlkit-barcode-scanning:18.3.0] AndroidManifest.xml:9:9-15:19
153            android:name="com.google.mlkit.common.internal.MlKitComponentDiscoveryService"
153-->[com.google.android.gms:play-services-mlkit-barcode-scanning:18.3.0] AndroidManifest.xml:10:13-91
154            android:directBootAware="true"
154-->[com.google.mlkit:common:18.9.0] AndroidManifest.xml:17:13-43
155            android:exported="false" >
155-->[com.google.android.gms:play-services-mlkit-barcode-scanning:18.3.0] AndroidManifest.xml:11:13-37
156            <meta-data
156-->[com.google.android.gms:play-services-mlkit-barcode-scanning:18.3.0] AndroidManifest.xml:12:13-14:85
157                android:name="com.google.firebase.components:com.google.mlkit.vision.barcode.internal.BarcodeRegistrar"
157-->[com.google.android.gms:play-services-mlkit-barcode-scanning:18.3.0] AndroidManifest.xml:13:17-120
158                android:value="com.google.firebase.components.ComponentRegistrar" />
158-->[com.google.android.gms:play-services-mlkit-barcode-scanning:18.3.0] AndroidManifest.xml:14:17-82
159            <meta-data
159-->[com.google.mlkit:vision-common:17.3.0] AndroidManifest.xml:12:13-14:85
160                android:name="com.google.firebase.components:com.google.mlkit.vision.common.internal.VisionCommonRegistrar"
160-->[com.google.mlkit:vision-common:17.3.0] AndroidManifest.xml:13:17-124
161                android:value="com.google.firebase.components.ComponentRegistrar" />
161-->[com.google.mlkit:vision-common:17.3.0] AndroidManifest.xml:14:17-82
162            <meta-data
162-->[com.google.mlkit:common:18.9.0] AndroidManifest.xml:20:13-22:85
163                android:name="com.google.firebase.components:com.google.mlkit.common.internal.CommonComponentRegistrar"
163-->[com.google.mlkit:common:18.9.0] AndroidManifest.xml:21:17-120
164                android:value="com.google.firebase.components.ComponentRegistrar" />
164-->[com.google.mlkit:common:18.9.0] AndroidManifest.xml:22:17-82
165        </service>
166
167        <provider
167-->[com.google.mlkit:common:18.9.0] AndroidManifest.xml:9:9-13:38
168            android:name="com.google.mlkit.common.internal.MlKitInitProvider"
168-->[com.google.mlkit:common:18.9.0] AndroidManifest.xml:10:13-78
169            android:authorities="com.example.clue_master.mlkitinitprovider"
169-->[com.google.mlkit:common:18.9.0] AndroidManifest.xml:11:13-69
170            android:exported="false"
170-->[com.google.mlkit:common:18.9.0] AndroidManifest.xml:12:13-37
171            android:initOrder="99" />
171-->[com.google.mlkit:common:18.9.0] AndroidManifest.xml:13:13-35
172
173        <activity
173-->[com.google.android.gms:play-services-base:18.3.0] AndroidManifest.xml:20:9-22:45
174            android:name="com.google.android.gms.common.api.GoogleApiActivity"
174-->[com.google.android.gms:play-services-base:18.3.0] AndroidManifest.xml:20:19-85
175            android:exported="false"
175-->[com.google.android.gms:play-services-base:18.3.0] AndroidManifest.xml:22:19-43
176            android:theme="@android:style/Theme.Translucent.NoTitleBar" />
176-->[com.google.android.gms:play-services-base:18.3.0] AndroidManifest.xml:21:19-78
177
178        <meta-data
178-->[com.google.android.gms:play-services-basement:18.3.0] AndroidManifest.xml:21:9-23:69
179            android:name="com.google.android.gms.version"
179-->[com.google.android.gms:play-services-basement:18.3.0] AndroidManifest.xml:22:13-58
180            android:value="@integer/google_play_services_version" />
180-->[com.google.android.gms:play-services-basement:18.3.0] AndroidManifest.xml:23:13-66
181
182        <service
182-->[androidx.camera:camera-camera2:1.3.3] AndroidManifest.xml:24:9-33:19
183            android:name="androidx.camera.core.impl.MetadataHolderService"
183-->[androidx.camera:camera-camera2:1.3.3] AndroidManifest.xml:25:13-75
184            android:enabled="false"
184-->[androidx.camera:camera-camera2:1.3.3] AndroidManifest.xml:26:13-36
185            android:exported="false" >
185-->[androidx.camera:camera-camera2:1.3.3] AndroidManifest.xml:27:13-37
186            <meta-data
186-->[androidx.camera:camera-camera2:1.3.3] AndroidManifest.xml:30:13-32:89
187                android:name="androidx.camera.core.impl.MetadataHolderService.DEFAULT_CONFIG_PROVIDER"
187-->[androidx.camera:camera-camera2:1.3.3] AndroidManifest.xml:31:17-103
188                android:value="androidx.camera.camera2.Camera2Config$DefaultProvider" />
188-->[androidx.camera:camera-camera2:1.3.3] AndroidManifest.xml:32:17-86
189        </service>
190
191        <provider
191-->[androidx.lifecycle:lifecycle-process:2.8.7] AndroidManifest.xml:24:9-32:20
192            android:name="androidx.startup.InitializationProvider"
192-->[androidx.lifecycle:lifecycle-process:2.8.7] AndroidManifest.xml:25:13-67
193            android:authorities="com.example.clue_master.androidx-startup"
193-->[androidx.lifecycle:lifecycle-process:2.8.7] AndroidManifest.xml:26:13-68
194            android:exported="false" >
194-->[androidx.lifecycle:lifecycle-process:2.8.7] AndroidManifest.xml:27:13-37
195            <meta-data
195-->[androidx.lifecycle:lifecycle-process:2.8.7] AndroidManifest.xml:29:13-31:52
196                android:name="androidx.lifecycle.ProcessLifecycleInitializer"
196-->[androidx.lifecycle:lifecycle-process:2.8.7] AndroidManifest.xml:30:17-78
197                android:value="androidx.startup" />
197-->[androidx.lifecycle:lifecycle-process:2.8.7] AndroidManifest.xml:31:17-49
198            <meta-data
198-->[androidx.profileinstaller:profileinstaller:1.4.0] AndroidManifest.xml:29:13-31:52
199                android:name="androidx.profileinstaller.ProfileInstallerInitializer"
199-->[androidx.profileinstaller:profileinstaller:1.4.0] AndroidManifest.xml:30:17-85
200                android:value="androidx.startup" />
200-->[androidx.profileinstaller:profileinstaller:1.4.0] AndroidManifest.xml:31:17-49
201        </provider>
202
203        <uses-library
203-->[androidx.window:window:1.2.0] AndroidManifest.xml:23:9-25:40
204            android:name="androidx.window.extensions"
204-->[androidx.window:window:1.2.0] AndroidManifest.xml:24:13-54
205            android:required="false" />
205-->[androidx.window:window:1.2.0] AndroidManifest.xml:25:13-37
206        <uses-library
206-->[androidx.window:window:1.2.0] AndroidManifest.xml:26:9-28:40
207            android:name="androidx.window.sidecar"
207-->[androidx.window:window:1.2.0] AndroidManifest.xml:27:13-51
208            android:required="false" />
208-->[androidx.window:window:1.2.0] AndroidManifest.xml:28:13-37
209
210        <receiver
210-->[androidx.profileinstaller:profileinstaller:1.4.0] AndroidManifest.xml:34:9-52:20
211            android:name="androidx.profileinstaller.ProfileInstallReceiver"
211-->[androidx.profileinstaller:profileinstaller:1.4.0] AndroidManifest.xml:35:13-76
212            android:directBootAware="false"
212-->[androidx.profileinstaller:profileinstaller:1.4.0] AndroidManifest.xml:36:13-44
213            android:enabled="true"
213-->[androidx.profileinstaller:profileinstaller:1.4.0] AndroidManifest.xml:37:13-35
214            android:exported="true"
214-->[androidx.profileinstaller:profileinstaller:1.4.0] AndroidManifest.xml:38:13-36
215            android:permission="android.permission.DUMP" >
215-->[androidx.profileinstaller:profileinstaller:1.4.0] AndroidManifest.xml:39:13-57
216            <intent-filter>
216-->[androidx.profileinstaller:profileinstaller:1.4.0] AndroidManifest.xml:40:13-42:29
217                <action android:name="androidx.profileinstaller.action.INSTALL_PROFILE" />
217-->[androidx.profileinstaller:profileinstaller:1.4.0] AndroidManifest.xml:41:17-91
217-->[androidx.profileinstaller:profileinstaller:1.4.0] AndroidManifest.xml:41:25-88
218            </intent-filter>
219            <intent-filter>
219-->[androidx.profileinstaller:profileinstaller:1.4.0] AndroidManifest.xml:43:13-45:29
220                <action android:name="androidx.profileinstaller.action.SKIP_FILE" />
220-->[androidx.profileinstaller:profileinstaller:1.4.0] AndroidManifest.xml:44:17-85
220-->[androidx.profileinstaller:profileinstaller:1.4.0] AndroidManifest.xml:44:25-82
221            </intent-filter>
222            <intent-filter>
222-->[androidx.profileinstaller:profileinstaller:1.4.0] AndroidManifest.xml:46:13-48:29
223                <action android:name="androidx.profileinstaller.action.SAVE_PROFILE" />
223-->[androidx.profileinstaller:profileinstaller:1.4.0] AndroidManifest.xml:47:17-88
223-->[androidx.profileinstaller:profileinstaller:1.4.0] AndroidManifest.xml:47:25-85
224            </intent-filter>
225            <intent-filter>
225-->[androidx.profileinstaller:profileinstaller:1.4.0] AndroidManifest.xml:49:13-51:29
226                <action android:name="androidx.profileinstaller.action.BENCHMARK_OPERATION" />
226-->[androidx.profileinstaller:profileinstaller:1.4.0] AndroidManifest.xml:50:17-95
226-->[androidx.profileinstaller:profileinstaller:1.4.0] AndroidManifest.xml:50:25-92
227            </intent-filter>
228        </receiver>
229
230        <service
230-->[com.google.android.datatransport:transport-backend-cct:2.3.3] AndroidManifest.xml:29:9-35:19
231            android:name="com.google.android.datatransport.runtime.backends.TransportBackendDiscovery"
231-->[com.google.android.datatransport:transport-backend-cct:2.3.3] AndroidManifest.xml:30:13-103
232            android:exported="false" >
232-->[com.google.android.datatransport:transport-backend-cct:2.3.3] AndroidManifest.xml:31:13-37
233            <meta-data
233-->[com.google.android.datatransport:transport-backend-cct:2.3.3] AndroidManifest.xml:32:13-34:39
234                android:name="backend:com.google.android.datatransport.cct.CctBackendFactory"
234-->[com.google.android.datatransport:transport-backend-cct:2.3.3] AndroidManifest.xml:33:17-94
235                android:value="cct" />
235-->[com.google.android.datatransport:transport-backend-cct:2.3.3] AndroidManifest.xml:34:17-36
236        </service>
237        <service
237-->[com.google.android.datatransport:transport-runtime:2.2.6] AndroidManifest.xml:26:9-30:19
238            android:name="com.google.android.datatransport.runtime.scheduling.jobscheduling.JobInfoSchedulerService"
238-->[com.google.android.datatransport:transport-runtime:2.2.6] AndroidManifest.xml:27:13-117
239            android:exported="false"
239-->[com.google.android.datatransport:transport-runtime:2.2.6] AndroidManifest.xml:28:13-37
240            android:permission="android.permission.BIND_JOB_SERVICE" >
240-->[com.google.android.datatransport:transport-runtime:2.2.6] AndroidManifest.xml:29:13-69
241        </service>
242
243        <receiver
243-->[com.google.android.datatransport:transport-runtime:2.2.6] AndroidManifest.xml:32:9-34:40
244            android:name="com.google.android.datatransport.runtime.scheduling.jobscheduling.AlarmManagerSchedulerBroadcastReceiver"
244-->[com.google.android.datatransport:transport-runtime:2.2.6] AndroidManifest.xml:33:13-132
245            android:exported="false" />
245-->[com.google.android.datatransport:transport-runtime:2.2.6] AndroidManifest.xml:34:13-37
246    </application>
247
248</manifest>